2024-04-11 13:35:03,522 INFO  [org.jboss.modules] (main) JBoss Modules version 2.1.2.Final
2024-04-11 13:35:03,914 INFO  [org.jboss.msc] (main) JBoss MSC version 1.5.2.Final
2024-04-11 13:35:03,920 INFO  [org.jboss.threads] (main) JBoss Threads version 2.4.0.Final
2024-04-11 13:35:03,985 INFO  [org.jboss.as] (MSC service thread 1-2) WFLYSRV0049: WildFly Full 31.0.0.Final (WildFly Core 23.0.1.Final) starting
2024-04-11 13:35:03,986 DEBUG [org.jboss.as.config] (MSC service thread 1-2) Configured system properties:
	[Standalone] = 
	file.encoding = ISO-8859-1
	file.separator = /
	java.awt.headless = true
	java.class.path = /home/artorias/Desktop/Programming/JavaEE___Practices/Material/02-zJakartaEE-gRPC/target/server/jboss-modules.jar
	java.class.version = 61.0
	java.home = /root/.sdkman/candidates/java/17.0.4.1-tem
	java.io.tmpdir = /tmp
	java.library.path = /usr/java/packages/lib:/usr/lib64:/lib64:/lib:/usr/lib
	java.net.preferIPv4Stack = true
	java.runtime.name = OpenJDK Runtime Environment
	java.runtime.version = 17.0.4.1+1
	java.security.manager = allow
	java.specification.name = Java Platform API Specification
	java.specification.vendor = Oracle Corporation
	java.specification.version = 17
	java.util.logging.manager = org.jboss.logmanager.LogManager
	java.vendor = Eclipse Adoptium
	java.vendor.url = https://adoptium.net/
	java.vendor.url.bug = https://github.com/adoptium/adoptium-support/issues
	java.vendor.version = Temurin-17.0.4.1+1
	java.version = 17.0.4.1
	java.version.date = 2022-08-12
	java.vm.compressedOopsMode = 32-bit
	java.vm.info = mixed mode, sharing
	java.vm.name = OpenJDK 64-Bit Server VM
	java.vm.specification.name = Java Virtual Machine Specification
	java.vm.specification.vendor = Oracle Corporation
	java.vm.specification.version = 17
	java.vm.vendor = Eclipse Adoptium
	java.vm.version = 17.0.4.1+1
	javax.management.builder.initial = org.jboss.as.jmx.PluggableMBeanServerBuilder
	jboss.home.dir = /home/artorias/Desktop/Programming/JavaEE___Practices/Material/02-zJakartaEE-gRPC/target/server
	jboss.host.name = artorias
	jboss.modules.system.pkgs = org.jboss.byteman
	jboss.node.name = artorias
	jboss.qualified.host.name = artorias
	jboss.server.base.dir = /home/artorias/Desktop/Programming/JavaEE___Practices/Material/02-zJakartaEE-gRPC/target/server/standalone
	jboss.server.config.dir = /home/artorias/Desktop/Programming/JavaEE___Practices/Material/02-zJakartaEE-gRPC/target/server/standalone/configuration
	jboss.server.data.dir = /home/artorias/Desktop/Programming/JavaEE___Practices/Material/02-zJakartaEE-gRPC/target/server/standalone/data
	jboss.server.log.dir = /home/artorias/Desktop/Programming/JavaEE___Practices/Material/02-zJakartaEE-gRPC/target/server/standalone/log
	jboss.server.name = artorias
	jboss.server.persist.config = true
	jboss.server.temp.dir = /home/artorias/Desktop/Programming/JavaEE___Practices/Material/02-zJakartaEE-gRPC/target/server/standalone/tmp
	jdk.debug = release
	line.separator = 

	logging.configuration = file:/home/artorias/Desktop/Programming/JavaEE___Practices/Material/02-zJakartaEE-gRPC/target/server/standalone/configuration/logging.properties
	module.path = /home/artorias/Desktop/Programming/JavaEE___Practices/Material/02-zJakartaEE-gRPC/target/server/modules
	native.encoding = ISO-8859-1
	org.jboss.boot.log.file = /home/artorias/Desktop/Programming/JavaEE___Practices/Material/02-zJakartaEE-gRPC/target/server/standalone/log/server.log
	org.jboss.resolver.warning = true
	os.arch = amd64
	os.name = Linux
	os.version = 6.5.0-26-generic
	path.separator = :
	sun.arch.data.model = 64
	sun.boot.library.path = /root/.sdkman/candidates/java/17.0.4.1-tem/lib
	sun.cpu.endian = little
	sun.io.unicode.encoding = UnicodeLittle
	sun.java.command = /home/artorias/Desktop/Programming/JavaEE___Practices/Material/02-zJakartaEE-gRPC/target/server/jboss-modules.jar -mp /home/artorias/Desktop/Programming/JavaEE___Practices/Material/02-zJakartaEE-gRPC/target/server/modules org.jboss.as.standalone
	sun.java.launcher = SUN_STANDARD
	sun.jnu.encoding = ISO-8859-1
	sun.management.compiler = HotSpot 64-Bit Tiered Compilers
	sun.stderr.encoding = ISO-8859-1
	sun.stdout.encoding = ISO-8859-1
	user.country = US
	user.dir = /home/artorias/Desktop/Programming/JavaEE___Practices/Material/02-zJakartaEE-gRPC
	user.home = /root
	user.language = en
	user.name = root
	user.timezone = America/Montevideo
2024-04-11 13:35:03,987 DEBUG [org.jboss.as.config] (MSC service thread 1-2) VM Arguments: -D[Standalone] -Xms64m -Xmx512m -Djava.net.preferIPv4Stack=true -Djava.awt.headless=true -Djboss.modules.system.pkgs=org.jboss.byteman --add-exports=java.base/sun.nio.ch=ALL-UNNAMED --add-exports=jdk.unsupported/sun.reflect=ALL-UNNAMED --add-exports=jdk.unsupported/sun.misc=ALL-UNNAMED --add-modules=java.se --add-exports=java.desktop/sun.awt=ALL-UNNAMED --add-exports=java.naming/com.sun.jndi.ldap=ALL-UNNAMED --add-exports=java.naming/com.sun.jndi.url.ldap=ALL-UNNAMED --add-exports=java.naming/com.sun.jndi.url.ldaps=ALL-UNNAMED --add-exports=jdk.naming.dns/com.sun.jndi.dns=ALL-UNNAMED --add-opens=java.base/java.lang=ALL-UNNAMED --add-opens=java.base/java.lang.invoke=ALL-UNNAMED --add-opens=java.base/java.lang.reflect=ALL-UNNAMED --add-opens=java.base/java.io=ALL-UNNAMED --add-opens=java.base/java.net=ALL-UNNAMED --add-opens=java.base/java.security=ALL-UNNAMED --add-opens=java.base/java.util=ALL-UNNAMED --add-opens=java.base/java.util.concurrent=ALL-UNNAMED --add-opens=java.management/javax.management=ALL-UNNAMED --add-opens=java.naming/javax.naming=ALL-UNNAMED --add-modules=java.se -Djava.security.manager=allow -Djboss.home.dir=/home/artorias/Desktop/Programming/JavaEE___Practices/Material/02-zJakartaEE-gRPC/target/server -Djboss.server.base.dir=/home/artorias/Desktop/Programming/JavaEE___Practices/Material/02-zJakartaEE-gRPC/target/server/standalone -Djboss.server.log.dir=/home/artorias/Desktop/Programming/JavaEE___Practices/Material/02-zJakartaEE-gRPC/target/server/standalone/log -Djboss.server.config.dir=/home/artorias/Desktop/Programming/JavaEE___Practices/Material/02-zJakartaEE-gRPC/target/server/standalone/configuration -Dorg.jboss.boot.log.file=/home/artorias/Desktop/Programming/JavaEE___Practices/Material/02-zJakartaEE-gRPC/target/server/standalone/log/server.log -Dlogging.configuration=file:/home/artorias/Desktop/Programming/JavaEE___Practices/Material/02-zJakartaEE-gRPC/target/server/standalone/configuration/logging.properties 
2024-04-11 13:35:04,356 INFO  [org.wildfly.security] (ServerService Thread Pool -- 9) ELY00001: WildFly Elytron version 2.2.3.Final
2024-04-11 13:35:04,536 INFO  [org.jboss.as.server] (Controller Boot Thread) WFLYSRV0039: Creating http management service using socket-binding (management-http)
2024-04-11 13:35:04,544 INFO  [org.xnio] (MSC service thread 1-8) XNIO version 3.8.12.Final
2024-04-11 13:35:04,548 INFO  [org.xnio.nio] (MSC service thread 1-8) XNIO NIO Implementation Version 3.8.12.Final
2024-04-11 13:35:04,569 INFO  [org.jboss.as.naming] (ServerService Thread Pool -- 26) WFLYNAM0001: Activating Naming Subsystem
2024-04-11 13:35:04,569 INFO  [org.wildfly.extension.io] (ServerService Thread Pool -- 24) WFLYIO001: Worker 'default' has auto-configured to 12 IO threads with 96 max task threads based on your 6 available processors
2024-04-11 13:35:04,591 INFO  [org.jboss.as.naming] (MSC service thread 1-6) WFLYNAM0003: Starting Naming Service
2024-04-11 13:35:04,596 INFO  [org.jboss.remoting] (MSC service thread 1-8) JBoss Remoting version 5.0.27.Final
2024-04-11 13:35:04,622 INFO  [org.wildfly.extension.undertow] (MSC service thread 1-3) WFLYUT0003: Undertow 2.3.10.Final starting
2024-04-11 13:35:04,656 WARN  [org.wildfly.extension.elytron] (MSC service thread 1-4) WFLYELY00023: KeyStore file '/home/artorias/Desktop/Programming/JavaEE___Practices/Material/02-zJakartaEE-gRPC/target/server/standalone/configuration/application.keystore' does not exist. Used blank.
2024-04-11 13:35:04,661 WARN  [org.wildfly.extension.elytron] (MSC service thread 1-1) WFLYELY01084: KeyStore /home/artorias/Desktop/Programming/JavaEE___Practices/Material/02-zJakartaEE-gRPC/target/server/standalone/configuration/application.keystore not found, it will be auto-generated on first use with a self-signed certificate for host localhost
2024-04-11 13:35:04,663 INFO  [org.wildfly.extension.undertow] (MSC service thread 1-5) WFLYUT0012: Started server default-server.
2024-04-11 13:35:04,664 INFO  [org.wildfly.extension.undertow] (MSC service thread 1-5) Queuing requests.
2024-04-11 13:35:04,668 INFO  [org.wildfly.extension.undertow] (MSC service thread 1-5) WFLYUT0018: Host default-host starting
2024-04-11 13:35:04,685 WARN  [org.jboss.as.domain.http.api.undertow] (MSC service thread 1-6) WFLYDMHTTP0003: Unable to load console module for slot main, disabling console
2024-04-11 13:35:04,690 INFO  [org.wildfly.extension.undertow] (MSC service thread 1-8) WFLYUT0006: Undertow HTTP listener default listening on 127.0.0.1:8080
2024-04-11 13:35:04,720 INFO  [org.jboss.as.server.deployment.scanner] (MSC service thread 1-5) WFLYDS0013: Started FileSystemDeploymentService for directory /home/artorias/Desktop/Programming/JavaEE___Practices/Material/02-zJakartaEE-gRPC/target/server/standalone/deployments
2024-04-11 13:35:04,799 INFO  [org.wildfly.extension.grpc] (ServerService Thread Pool -- 32) WFLYGRPC0001: gRPC server listening on localhost:9555
2024-04-11 13:35:04,828 INFO  [org.jboss.as.server] (Controller Boot Thread) WFLYSRV0212: Resuming server
2024-04-11 13:35:04,837 INFO  [org.jboss.as] (Controller Boot Thread) WFLYSRV0060: Http management interface listening on http://127.0.0.1:9990/management
2024-04-11 13:35:04,838 INFO  [org.jboss.as] (Controller Boot Thread) WFLYSRV0054: Admin console is not enabled
2024-04-11 13:35:04,838 INFO  [org.jboss.as] (Controller Boot Thread) WFLYSRV0025: WildFly Full 31.0.0.Final (WildFly Core 23.0.1.Final) started in 1568ms - Started 121 of 126 services (28 services are lazy, passive or on-demand) - Server configuration file in use: standalone.xml
2024-04-11 13:35:05,730 INFO  [org.jboss.as.server.deployment] (MSC service thread 1-3) WFLYSRV0027: Starting deployment of "021-JakartaEE-XML.war" (runtime-name: "021-JakartaEE-XML.war")
2024-04-11 13:35:06,142 INFO  [org.wildfly.extension.undertow] (ServerService Thread Pool -- 7) WFLYUT0021: Registered web context: '/021-JakartaEE-XML' for server 'default-server'
2024-04-11 13:35:06,173 INFO  [org.jboss.as.server] (management-handler-thread - 1) WFLYSRV0010: Deployed "021-JakartaEE-XML.war" (runtime-name : "021-JakartaEE-XML.war")
2024-04-11 13:36:29,018 INFO  [org.jboss.as.server] (Thread-1) WFLYSRV0272: Suspending server
2024-04-11 13:36:29,019 INFO  [org.jboss.as.server] (Thread-1) WFLYSRV0220: Server shutdown has been requested via an OS signal
2024-04-11 13:36:29,022 INFO  [org.wildfly.extension.grpc] (MSC service thread 1-7) WFLYGRPC0002: gRPC service stopping
2024-04-11 13:36:29,024 INFO  [org.wildfly.extension.undertow] (ServerService Thread Pool -- 35) WFLYUT0022: Unregistered web context: '/021-JakartaEE-XML' from server 'default-server'
2024-04-11 13:36:29,024 INFO  [org.wildfly.extension.undertow] (MSC service thread 1-1) WFLYUT0008: Undertow HTTP listener default suspending
2024-04-11 13:36:29,025 INFO  [org.wildfly.extension.undertow] (MSC service thread 1-1) WFLYUT0007: Undertow HTTP listener default stopped, was bound to 127.0.0.1:8080
2024-04-11 13:36:29,027 INFO  [org.wildfly.extension.undertow] (MSC service thread 1-1) WFLYUT0019: Host default-host stopping
2024-04-11 13:36:29,028 INFO  [org.wildfly.extension.undertow] (MSC service thread 1-1) WFLYUT0004: Undertow 2.3.10.Final stopping
2024-04-11 13:36:29,031 INFO  [org.jboss.as.server.deployment] (MSC service thread 1-2) WFLYSRV0028: Stopped deployment 021-JakartaEE-XML.war (runtime-name: 021-JakartaEE-XML.war) in 8ms
2024-04-11 13:36:29,036 INFO  [org.jboss.as] (MSC service thread 1-6) WFLYSRV0050: WildFly Full 31.0.0.Final (WildFly Core 23.0.1.Final) stopped in 14ms
